[Sat, 19 Jan 2019 15:25:55 +0000] [/w3tc_rewrite_test10560] [http://cewstaging.jonwp.dvp/w3tc_rewrite_test10560] start, can_cache: false
[Sat, 19 Jan 2019 15:25:58 +0000] [/wp-content/pluginsblog-manager-lightassetscsscolorpicker.css?ver=4.9.6] [http://cewstaging.jonwp.dvp/wp-admin/plugins.php] start, can_cache: false
[Sat, 19 Jan 2019 15:25:58 +0000] [/wp-content/pluginsblog-manager-lightassetscssotw-blog-list-default.css?ver=4.9.6] [http://cewstaging.jonwp.dvp/wp-admin/plugins.php] start, can_cache: false
[Sat, 19 Jan 2019 15:26:00 +0000] [/wp-content/pluginsblog-manager-lightassetscsscolorpicker.css?ver=4.9.6] [http://cewstaging.jonwp.dvp/wp-admin/plugins.php] storing cached page: false original false reason Requested URI contains query
[Sat, 19 Jan 2019 15:26:00 +0000] [/wp-content/pluginsblog-manager-lightassetscssselect2.min.css?ver=4.9.6] [http://cewstaging.jonwp.dvp/wp-admin/plugins.php] start, can_cache: false
[Sat, 19 Jan 2019 15:26:01 +0000] [/wp-content/pluginsblog-manager-lightassetscssotw-blog-list-default.css?ver=4.9.6] [http://cewstaging.jonwp.dvp/wp-admin/plugins.php] storing cached page: false original false reason Requested URI contains query
[Sat, 19 Jan 2019 15:26:02 +0000] [/wp-content/pluginsblog-manager-lightassetscssselect2.min.css?ver=4.9.6] [http://cewstaging.jonwp.dvp/wp-admin/plugins.php] storing cached page: false original false reason Requested URI contains query
[Sat, 19 Jan 2019 15:26:02 +0000] [/wp-content/pluginsblog-manager-lightassetsjspluginscolorpicker.js?ver=4.9.6] [http://cewstaging.jonwp.dvp/wp-admin/plugins.php] start, can_cache: false
[Sat, 19 Jan 2019 15:26:02 +0000] [/wp-content/pluginsblog-manager-lightassetsjspluginsselect2.full.min.js?ver=4.9.6] [http://cewstaging.jonwp.dvp/wp-admin/plugins.php] start, can_cache: false
[Sat, 19 Jan 2019 15:26:04 +0000] [/wp-content/pluginsblog-manager-lightassetsjspluginscolorpicker.js?ver=4.9.6] [http://cewstaging.jonwp.dvp/wp-admin/plugins.php] storing cached page: false original false reason Requested URI contains query
[Sat, 19 Jan 2019 15:26:04 +0000] [/wp-content/pluginsblog-manager-lightassetsjsfonts.js?ver=4.9.6] [http://cewstaging.jonwp.dvp/wp-admin/plugins.php] start, can_cache: false
[Sat, 19 Jan 2019 15:26:04 +0000] [/wp-content/pluginsblog-manager-lightassetsjspluginsselect2.full.min.js?ver=4.9.6] [http://cewstaging.jonwp.dvp/wp-admin/plugins.php] storing cached page: false original false reason Requested URI contains query
[Sat, 19 Jan 2019 15:26:05 +0000] [/wp-content/pluginsblog-manager-lightassetsjsotw-admin-bm-functions.js?ver=4.9.6] [http://cewstaging.jonwp.dvp/wp-admin/plugins.php] start, can_cache: false
[Sat, 19 Jan 2019 15:26:05 +0000] [/wp-content/pluginsblog-manager-lightassetsjsfonts.js?ver=4.9.6] [http://cewstaging.jonwp.dvp/wp-admin/plugins.php] storing cached page: false original false reason Requested URI contains query
[Sat, 19 Jan 2019 15:26:05 +0000] [/wp-content/pluginsblog-manager-lightassetsjsotw-admin-bm-variables.js?ver=4.9.6] [http://cewstaging.jonwp.dvp/wp-admin/plugins.php] start, can_cache: false
[Sat, 19 Jan 2019 15:26:06 +0000] [/wp-content/pluginsblog-manager-lightassetsjsotw-admin-bm-functions.js?ver=4.9.6] [http://cewstaging.jonwp.dvp/wp-admin/plugins.php] storing cached page: false original false reason Requested URI contains query
[Sat, 19 Jan 2019 15:26:07 +0000] [/wp-content/pluginsblog-manager-lightassetsjspluginscolorpicker.js?ver=4.9.6] [http://cewstaging.jonwp.dvp/wp-admin/plugins.php] start, can_cache: false
[Sat, 19 Jan 2019 15:26:07 +0000] [/wp-content/pluginsblog-manager-lightassetsjsotw-admin-bm-variables.js?ver=4.9.6] [http://cewstaging.jonwp.dvp/wp-admin/plugins.php] storing cached page: false original false reason Requested URI contains query
[Sat, 19 Jan 2019 15:26:08 +0000] [/wp-content/pluginsblog-manager-lightassetsjspluginscolorpicker.js?ver=4.9.6] [http://cewstaging.jonwp.dvp/wp-admin/plugins.php] storing cached page: false original false reason Requested URI contains query
[Sat, 19 Jan 2019 15:26:08 +0000] [/wp-content/pluginsblog-manager-lightassetsjspluginsselect2.full.min.js?ver=4.9.6] [http://cewstaging.jonwp.dvp/wp-admin/plugins.php] start, can_cache: false
[Sat, 19 Jan 2019 15:26:10 +0000] [/wp-content/pluginsblog-manager-lightassetsjspluginsselect2.full.min.js?ver=4.9.6] [http://cewstaging.jonwp.dvp/wp-admin/plugins.php] storing cached page: false original false reason Requested URI contains query
[Sat, 19 Jan 2019 15:26:10 +0000] [/wp-content/pluginsblog-manager-lightassetsjsfonts.js?ver=4.9.6] [http://cewstaging.jonwp.dvp/wp-admin/plugins.php] start, can_cache: false
[Sat, 19 Jan 2019 15:26:11 +0000] [/wp-content/pluginsblog-manager-lightassetsjsfonts.js?ver=4.9.6] [http://cewstaging.jonwp.dvp/wp-admin/plugins.php] storing cached page: false original false reason Requested URI contains query
[Sat, 19 Jan 2019 15:26:11 +0000] [/wp-content/pluginsblog-manager-lightassetsjsotw-admin-bm-functions.js?ver=4.9.6] [http://cewstaging.jonwp.dvp/wp-admin/plugins.php] start, can_cache: false
[Sat, 19 Jan 2019 15:26:12 +0000] [/wp-content/pluginsblog-manager-lightassetsjsotw-admin-bm-functions.js?ver=4.9.6] [http://cewstaging.jonwp.dvp/wp-admin/plugins.php] storing cached page: false original false reason Requested URI contains query
[Sat, 19 Jan 2019 15:26:12 +0000] [/wp-content/pluginsblog-manager-lightassetsjsotw-admin-bm-variables.js?ver=4.9.6] [http://cewstaging.jonwp.dvp/wp-admin/plugins.php] start, can_cache: false
[Sat, 19 Jan 2019 15:26:13 +0000] [/wp-content/pluginsblog-manager-lightassetsjsotw-admin-bm-variables.js?ver=4.9.6] [http://cewstaging.jonwp.dvp/wp-admin/plugins.php] storing cached page: false original false reason Requested URI contains query
[Sat, 19 Jan 2019 15:26:40 +0000] [/wp-admin/plugins.php] [http://cewstaging.jonwp.dvp/wp-admin/] skip processing because of generic constant
[Sat, 19 Jan 2019 15:26:45 +0000] [/w3tc_rewrite_test16505] [http://cewstaging.jonwp.dvp/w3tc_rewrite_test16505] start, can_cache: false
[Sat, 19 Jan 2019 15:26:48 +0000] [/wp-content/pluginsblog-manager-lightassetscsscolorpicker.css?ver=4.9.6] [http://cewstaging.jonwp.dvp/wp-admin/plugins.php] start, can_cache: false
[Sat, 19 Jan 2019 15:26:48 +0000] [/wp-content/pluginsblog-manager-lightassetscssotw-blog-list-default.css?ver=4.9.6] [http://cewstaging.jonwp.dvp/wp-admin/plugins.php] start, can_cache: false
[Sat, 19 Jan 2019 15:26:48 +0000] [/wp-content/pluginsblog-manager-lightassetscssselect2.min.css?ver=4.9.6] [http://cewstaging.jonwp.dvp/wp-admin/plugins.php] start, can_cache: false
[Sat, 19 Jan 2019 15:26:48 +0000] [/wp-content/pluginsblog-manager-lightassetsjspluginscolorpicker.js?ver=4.9.6] [http://cewstaging.jonwp.dvp/wp-admin/plugins.php] start, can_cache: false
[Sat, 19 Jan 2019 15:26:48 +0000] [/wp-content/pluginsblog-manager-lightassetsjspluginsselect2.full.min.js?ver=4.9.6] [http://cewstaging.jonwp.dvp/wp-admin/plugins.php] start, can_cache: false
[Sat, 19 Jan 2019 15:26:48 +0000] [/wp-content/pluginsblog-manager-lightassetsjsfonts.js?ver=4.9.6] [http://cewstaging.jonwp.dvp/wp-admin/plugins.php] start, can_cache: false
[Sat, 19 Jan 2019 15:26:49 +0000] [/wp-content/pluginsblog-manager-lightassetscsscolorpicker.css?ver=4.9.6] [http://cewstaging.jonwp.dvp/wp-admin/plugins.php] storing cached page: false original false reason Requested URI contains query
[Sat, 19 Jan 2019 15:26:51 +0000] [/wp-content/pluginsblog-manager-lightassetscssotw-blog-list-default.css?ver=4.9.6] [http://cewstaging.jonwp.dvp/wp-admin/plugins.php] storing cached page: false original false reason Requested URI contains query
[Sat, 19 Jan 2019 15:26:51 +0000] [/wp-content/pluginsblog-manager-lightassetsjspluginscolorpicker.js?ver=4.9.6] [http://cewstaging.jonwp.dvp/wp-admin/plugins.php] storing cached page: false original false reason Requested URI contains query
[Sat, 19 Jan 2019 15:26:51 +0000] [/wp-content/pluginsblog-manager-lightassetsjsotw-admin-bm-functions.js?ver=4.9.6] [http://cewstaging.jonwp.dvp/wp-admin/plugins.php] start, can_cache: false
[Sat, 19 Jan 2019 15:26:51 +0000] [/wp-content/pluginsblog-manager-lightassetsjsotw-admin-bm-variables.js?ver=4.9.6] [http://cewstaging.jonwp.dvp/wp-admin/plugins.php] start, can_cache: false
[Sat, 19 Jan 2019 15:26:52 +0000] [/wp-content/pluginsblog-manager-lightassetsjsfonts.js?ver=4.9.6] [http://cewstaging.jonwp.dvp/wp-admin/plugins.php] storing cached page: false original false reason Requested URI contains query
[Sat, 19 Jan 2019 15:26:53 +0000] [/wp-content/pluginsblog-manager-lightassetsjsotw-admin-bm-variables.js?ver=4.9.6] [http://cewstaging.jonwp.dvp/wp-admin/plugins.php] storing cached page: false original false reason Requested URI contains query
[Sat, 19 Jan 2019 15:26:53 +0000] [/wp-content/pluginsblog-manager-lightassetscssselect2.min.css?ver=4.9.6] [http://cewstaging.jonwp.dvp/wp-admin/plugins.php] storing cached page: false original false reason Requested URI contains query
[Sat, 19 Jan 2019 15:26:54 +0000] [/wp-content/pluginsblog-manager-lightassetsjspluginscolorpicker.js?ver=4.9.6] [http://cewstaging.jonwp.dvp/wp-admin/plugins.php] start, can_cache: false
[Sat, 19 Jan 2019 15:26:54 +0000] [/wp-content/pluginsblog-manager-lightassetsjspluginsselect2.full.min.js?ver=4.9.6] [http://cewstaging.jonwp.dvp/wp-admin/plugins.php] storing cached page: false original false reason Requested URI contains query
[Sat, 19 Jan 2019 15:26:55 +0000] [/wp-content/pluginsblog-manager-lightassetsjsotw-admin-bm-functions.js?ver=4.9.6] [http://cewstaging.jonwp.dvp/wp-admin/plugins.php] storing cached page: false original false reason Requested URI contains query
[Sat, 19 Jan 2019 15:26:56 +0000] [/wp-content/pluginsblog-manager-lightassetsjspluginscolorpicker.js?ver=4.9.6] [http://cewstaging.jonwp.dvp/wp-admin/plugins.php] storing cached page: false original false reason Requested URI contains query
[Sat, 19 Jan 2019 15:26:56 +0000] [/wp-content/pluginsblog-manager-lightassetsjspluginsselect2.full.min.js?ver=4.9.6] [http://cewstaging.jonwp.dvp/wp-admin/plugins.php] start, can_cache: false
[Sat, 19 Jan 2019 15:26:57 +0000] [/wp-content/pluginsblog-manager-lightassetsjspluginsselect2.full.min.js?ver=4.9.6] [http://cewstaging.jonwp.dvp/wp-admin/plugins.php] storing cached page: false original false reason Requested URI contains query
[Sat, 19 Jan 2019 15:26:57 +0000] [/wp-content/pluginsblog-manager-lightassetsjsfonts.js?ver=4.9.6] [http://cewstaging.jonwp.dvp/wp-admin/plugins.php] start, can_cache: false
[Sat, 19 Jan 2019 15:26:58 +0000] [/wp-content/pluginsblog-manager-lightassetsjsfonts.js?ver=4.9.6] [http://cewstaging.jonwp.dvp/wp-admin/plugins.php] storing cached page: false original false reason Requested URI contains query
[Sat, 19 Jan 2019 15:26:58 +0000] [/wp-content/pluginsblog-manager-lightassetsjsotw-admin-bm-functions.js?ver=4.9.6] [http://cewstaging.jonwp.dvp/wp-admin/plugins.php] start, can_cache: false
[Sat, 19 Jan 2019 15:27:00 +0000] [/wp-content/pluginsblog-manager-lightassetsjsotw-admin-bm-functions.js?ver=4.9.6] [http://cewstaging.jonwp.dvp/wp-admin/plugins.php] storing cached page: false original false reason Requested URI contains query
[Sat, 19 Jan 2019 15:27:00 +0000] [/wp-content/pluginsblog-manager-lightassetsjsotw-admin-bm-variables.js?ver=4.9.6] [http://cewstaging.jonwp.dvp/wp-admin/plugins.php] start, can_cache: false
[Sat, 19 Jan 2019 15:27:01 +0000] [/wp-content/pluginsblog-manager-lightassetsjsotw-admin-bm-variables.js?ver=4.9.6] [http://cewstaging.jonwp.dvp/wp-admin/plugins.php] storing cached page: false original false reason Requested URI contains query
[Sat, 19 Jan 2019 15:27:59 +0000] [/wp-admin/plugins.php?action=activate&plugin=google-captcha%2Fgoogle-captcha.php&plugin_status=all&paged=1&s&_wpnonce=ca144a9bfe] [http://cewstaging.jonwp.dvp/wp-admin/plugins.php] skip processing because of generic constant
[Sat, 19 Jan 2019 15:27:59 +0000] [/wp-cron.php?doing_wp_cron=1547911679.7887840270996093750000] [http://cewstaging.jonwp.dvp/wp-cron.php?doing_wp_cron=1547911679.7887840270996093750000] skip processing because of generic constant
[Sat, 19 Jan 2019 15:28:00 +0000] [/wp-admin/plugins.php?activate=true&plugin_status=all&paged=1&s=] [http://cewstaging.jonwp.dvp/wp-admin/plugins.php] skip processing because of generic constant
[Sat, 19 Jan 2019 15:28:01 +0000] [/w3tc_rewrite_test21093] [http://cewstaging.jonwp.dvp/w3tc_rewrite_test21093] start, can_cache: false
[Sat, 19 Jan 2019 15:28:02 +0000] [/wp-admin/admin-ajax.php] [http://cewstaging.jonwp.dvp/wp-admin/plugins.php] skip processing because of generic constant
[Sat, 19 Jan 2019 15:28:03 +0000] [/wp-content/pluginsblog-manager-lightassetscsscolorpicker.css?ver=4.9.6] [http://cewstaging.jonwp.dvp/wp-admin/plugins.php?activate=true&plugin_status=all&paged=1&s=] start, can_cache: false
[Sat, 19 Jan 2019 15:28:03 +0000] [/wp-content/pluginsblog-manager-lightassetscssselect2.min.css?ver=4.9.6] [http://cewstaging.jonwp.dvp/wp-admin/plugins.php?activate=true&plugin_status=all&paged=1&s=] start, can_cache: false
[Sat, 19 Jan 2019 15:28:03 +0000] [/wp-content/pluginsblog-manager-lightassetsjspluginscolorpicker.js?ver=4.9.6] [http://cewstaging.jonwp.dvp/wp-admin/plugins.php?activate=true&plugin_status=all&paged=1&s=] start, can_cache: false
[Sat, 19 Jan 2019 15:28:03 +0000] [/wp-content/pluginsblog-manager-lightassetsjspluginsselect2.full.min.js?ver=4.9.6] [http://cewstaging.jonwp.dvp/wp-admin/plugins.php?activate=true&plugin_status=all&paged=1&s=] start, can_cache: false
[Sat, 19 Jan 2019 15:28:03 +0000] [/wp-content/pluginsblog-manager-lightassetscssotw-blog-list-default.css?ver=4.9.6] [http://cewstaging.jonwp.dvp/wp-admin/plugins.php?activate=true&plugin_status=all&paged=1&s=] start, can_cache: false
[Sat, 19 Jan 2019 15:28:03 +0000] [/wp-content/pluginsblog-manager-lightassetsjsfonts.js?ver=4.9.6] [http://cewstaging.jonwp.dvp/wp-admin/plugins.php?activate=true&plugin_status=all&paged=1&s=] start, can_cache: false
[Sat, 19 Jan 2019 15:28:05 +0000] [/wp-content/pluginsblog-manager-lightassetsjsfonts.js?ver=4.9.6] [http://cewstaging.jonwp.dvp/wp-admin/plugins.php?activate=true&plugin_status=all&paged=1&s=] storing cached page: false original false reason Requested URI contains query
[Sat, 19 Jan 2019 15:28:05 +0000] [/wp-content/pluginsblog-manager-lightassetsjsotw-admin-bm-functions.js?ver=4.9.6] [http://cewstaging.jonwp.dvp/wp-admin/plugins.php?activate=true&plugin_status=all&paged=1&s=] start, can_cache: false
[Sat, 19 Jan 2019 15:28:06 +0000] [/wp-content/pluginsblog-manager-lightassetsjsotw-admin-bm-functions.js?ver=4.9.6] [http://cewstaging.jonwp.dvp/wp-admin/plugins.php?activate=true&plugin_status=all&paged=1&s=] storing cached page: false original false reason Requested URI contains query
[Sat, 19 Jan 2019 15:28:06 +0000] [/wp-content/pluginsblog-manager-lightassetsjsotw-admin-bm-variables.js?ver=4.9.6] [http://cewstaging.jonwp.dvp/wp-admin/plugins.php?activate=true&plugin_status=all&paged=1&s=] start, can_cache: false
[Sat, 19 Jan 2019 15:28:08 +0000] [/wp-content/pluginsblog-manager-lightassetsjsotw-admin-bm-variables.js?ver=4.9.6] [http://cewstaging.jonwp.dvp/wp-admin/plugins.php?activate=true&plugin_status=all&paged=1&s=] storing cached page: false original false reason Requested URI contains query
[Sat, 19 Jan 2019 15:28:08 +0000] [/wp-content/pluginsblog-manager-lightassetsjspluginscolorpicker.js?ver=4.9.6] [http://cewstaging.jonwp.dvp/wp-admin/plugins.php?activate=true&plugin_status=all&paged=1&s=] storing cached page: false original false reason Requested URI contains query
[Sat, 19 Jan 2019 15:28:08 +0000] [/wp-content/pluginsblog-manager-lightassetscssselect2.min.css?ver=4.9.6] [http://cewstaging.jonwp.dvp/wp-admin/plugins.php?activate=true&plugin_status=all&paged=1&s=] storing cached page: false original false reason Requested URI contains query
[Sat, 19 Jan 2019 15:28:09 +0000] [/wp-content/pluginsblog-manager-lightassetsjspluginsselect2.full.min.js?ver=4.9.6] [http://cewstaging.jonwp.dvp/wp-admin/plugins.php?activate=true&plugin_status=all&paged=1&s=] storing cached page: false original false reason Requested URI contains query
[Sat, 19 Jan 2019 15:28:09 +0000] [/wp-content/pluginsblog-manager-lightassetscssotw-blog-list-default.css?ver=4.9.6] [http://cewstaging.jonwp.dvp/wp-admin/plugins.php?activate=true&plugin_status=all&paged=1&s=] storing cached page: false original false reason Requested URI contains query
[Sat, 19 Jan 2019 15:28:10 +0000] [/wp-content/pluginsblog-manager-lightassetscsscolorpicker.css?ver=4.9.6] [http://cewstaging.jonwp.dvp/wp-admin/plugins.php?activate=true&plugin_status=all&paged=1&s=] storing cached page: false original false reason Requested URI contains query
[Sat, 19 Jan 2019 15:28:10 +0000] [/wp-content/pluginsblog-manager-lightassetsjspluginscolorpicker.js?ver=4.9.6] [http://cewstaging.jonwp.dvp/wp-admin/plugins.php?activate=true&plugin_status=all&paged=1&s=] start, can_cache: false
[Sat, 19 Jan 2019 15:28:11 +0000] [/wp-content/pluginsblog-manager-lightassetsjspluginscolorpicker.js?ver=4.9.6] [http://cewstaging.jonwp.dvp/wp-admin/plugins.php?activate=true&plugin_status=all&paged=1&s=] storing cached page: false original false reason Requested URI contains query
[Sat, 19 Jan 2019 15:28:11 +0000] [/wp-content/pluginsblog-manager-lightassetsjspluginsselect2.full.min.js?ver=4.9.6] [http://cewstaging.jonwp.dvp/wp-admin/plugins.php?activate=true&plugin_status=all&paged=1&s=] start, can_cache: false
[Sat, 19 Jan 2019 15:28:12 +0000] [/wp-content/pluginsblog-manager-lightassetsjspluginsselect2.full.min.js?ver=4.9.6] [http://cewstaging.jonwp.dvp/wp-admin/plugins.php?activate=true&plugin_status=all&paged=1&s=] storing cached page: false original false reason Requested URI contains query
[Sat, 19 Jan 2019 15:28:12 +0000] [/wp-content/pluginsblog-manager-lightassetsjsfonts.js?ver=4.9.6] [http://cewstaging.jonwp.dvp/wp-admin/plugins.php?activate=true&plugin_status=all&paged=1&s=] start, can_cache: false
[Sat, 19 Jan 2019 15:28:14 +0000] [/wp-content/pluginsblog-manager-lightassetsjsfonts.js?ver=4.9.6] [http://cewstaging.jonwp.dvp/wp-admin/plugins.php?activate=true&plugin_status=all&paged=1&s=] storing cached page: false original false reason Requested URI contains query
[Sat, 19 Jan 2019 15:28:14 +0000] [/wp-content/pluginsblog-manager-lightassetsjsotw-admin-bm-functions.js?ver=4.9.6] [http://cewstaging.jonwp.dvp/wp-admin/plugins.php?activate=true&plugin_status=all&paged=1&s=] start, can_cache: false
[Sat, 19 Jan 2019 15:28:15 +0000] [/wp-content/pluginsblog-manager-lightassetsjsotw-admin-bm-functions.js?ver=4.9.6] [http://cewstaging.jonwp.dvp/wp-admin/plugins.php?activate=true&plugin_status=all&paged=1&s=] storing cached page: false original false reason Requested URI contains query
[Sat, 19 Jan 2019 15:28:15 +0000] [/wp-content/pluginsblog-manager-lightassetsjsotw-admin-bm-variables.js?ver=4.9.6] [http://cewstaging.jonwp.dvp/wp-admin/plugins.php?activate=true&plugin_status=all&paged=1&s=] start, can_cache: false
[Sat, 19 Jan 2019 15:28:16 +0000] [/wp-content/pluginsblog-manager-lightassetsjsotw-admin-bm-variables.js?ver=4.9.6] [http://cewstaging.jonwp.dvp/wp-admin/plugins.php?activate=true&plugin_status=all&paged=1&s=] storing cached page: false original false reason Requested URI contains query
[Sat, 19 Jan 2019 15:28:27 +0000] [/wp-admin/admin.php?page=google-captcha.php] [http://cewstaging.jonwp.dvp/wp-admin/plugins.php?plugin_status=all&paged=1&s] skip processing because of generic constant
[Sat, 19 Jan 2019 15:28:28 +0000] [/wp-content/pluginsblog-manager-lightassetscsscolorpicker.css?ver=4.9.6] [http://cewstaging.jonwp.dvp/wp-admin/admin.php?page=google-captcha.php] start, can_cache: false
[Sat, 19 Jan 2019 15:28:28 +0000] [/wp-content/pluginsblog-manager-lightassetscssotw-blog-list-default.css?ver=4.9.6] [http://cewstaging.jonwp.dvp/wp-admin/admin.php?page=google-captcha.php] start, can_cache: false
[Sat, 19 Jan 2019 15:28:28 +0000] [/wp-content/pluginsblog-manager-lightassetscssselect2.min.css?ver=4.9.6] [http://cewstaging.jonwp.dvp/wp-admin/admin.php?page=google-captcha.php] start, can_cache: false
[Sat, 19 Jan 2019 15:28:28 +0000] [/wp-content/pluginsblog-manager-lightassetsjspluginsselect2.full.min.js?ver=4.9.6] [http://cewstaging.jonwp.dvp/wp-admin/admin.php?page=google-captcha.php] start, can_cache: false
[Sat, 19 Jan 2019 15:28:28 +0000] [/wp-content/pluginsblog-manager-lightassetsjspluginscolorpicker.js?ver=4.9.6] [http://cewstaging.jonwp.dvp/wp-admin/admin.php?page=google-captcha.php] start, can_cache: false
[Sat, 19 Jan 2019 15:28:29 +0000] [/wp-content/pluginsblog-manager-lightassetsjsfonts.js?ver=4.9.6] [http://cewstaging.jonwp.dvp/wp-admin/admin.php?page=google-captcha.php] start, can_cache: false
[Sat, 19 Jan 2019 15:28:30 +0000] [/wp-content/pluginsblog-manager-lightassetscsscolorpicker.css?ver=4.9.6] [http://cewstaging.jonwp.dvp/wp-admin/admin.php?page=google-captcha.php] storing cached page: false original false reason Requested URI contains query
[Sat, 19 Jan 2019 15:28:31 +0000] [/wp-content/pluginsblog-manager-lightassetsjsotw-admin-bm-functions.js?ver=4.9.6] [http://cewstaging.jonwp.dvp/wp-admin/admin.php?page=google-captcha.php] start, can_cache: false
[Sat, 19 Jan 2019 15:28:32 +0000] [/wp-content/pluginsblog-manager-lightassetsjsfonts.js?ver=4.9.6] [http://cewstaging.jonwp.dvp/wp-admin/admin.php?page=google-captcha.php] storing cached page: false original false reason Requested URI contains query
[Sat, 19 Jan 2019 15:28:33 +0000] [/wp-content/pluginsblog-manager-lightassetsjspluginsselect2.full.min.js?ver=4.9.6] [http://cewstaging.jonwp.dvp/wp-admin/admin.php?page=google-captcha.php] storing cached page: false original false reason Requested URI contains query
[Sat, 19 Jan 2019 15:28:33 +0000] [/wp-content/pluginsblog-manager-lightassetscssotw-blog-list-default.css?ver=4.9.6] [http://cewstaging.jonwp.dvp/wp-admin/admin.php?page=google-captcha.php] storing cached page: false original false reason Requested URI contains query
[Sat, 19 Jan 2019 15:28:33 +0000] [/wp-content/pluginsblog-manager-lightassetsjsotw-admin-bm-functions.js?ver=4.9.6] [http://cewstaging.jonwp.dvp/wp-admin/admin.php?page=google-captcha.php] storing cached page: false original false reason Requested URI contains query
[Sat, 19 Jan 2019 15:28:33 +0000] [/wp-content/pluginsblog-manager-lightassetsjsotw-admin-bm-variables.js?ver=4.9.6] [http://cewstaging.jonwp.dvp/wp-admin/admin.php?page=google-captcha.php] start, can_cache: false
[Sat, 19 Jan 2019 15:28:33 +0000] [/wp-content/pluginsblog-manager-lightassetsjspluginscolorpicker.js?ver=4.9.6] [http://cewstaging.jonwp.dvp/wp-admin/admin.php?page=google-captcha.php] storing cached page: false original false reason Requested URI contains query
[Sat, 19 Jan 2019 15:28:34 +0000] [/wp-content/pluginsblog-manager-lightassetscssselect2.min.css?ver=4.9.6] [http://cewstaging.jonwp.dvp/wp-admin/admin.php?page=google-captcha.php] storing cached page: false original false reason Requested URI contains query
[Sat, 19 Jan 2019 15:28:34 +0000] [/wp-content/pluginsblog-manager-lightassetsjspluginscolorpicker.js?ver=4.9.6] [http://cewstaging.jonwp.dvp/wp-admin/admin.php?page=google-captcha.php] start, can_cache: false
[Sat, 19 Jan 2019 15:28:35 +0000] [/wp-content/pluginsblog-manager-lightassetsjsotw-admin-bm-variables.js?ver=4.9.6] [http://cewstaging.jonwp.dvp/wp-admin/admin.php?page=google-captcha.php] storing cached page: false original false reason Requested URI contains query
[Sat, 19 Jan 2019 15:28:35 +0000] [/wp-content/pluginsblog-manager-lightassetsjspluginscolorpicker.js?ver=4.9.6] [http://cewstaging.jonwp.dvp/wp-admin/admin.php?page=google-captcha.php] storing cached page: false original false reason Requested URI contains query
[Sat, 19 Jan 2019 15:28:35 +0000] [/wp-content/pluginsblog-manager-lightassetsjspluginsselect2.full.min.js?ver=4.9.6] [http://cewstaging.jonwp.dvp/wp-admin/admin.php?page=google-captcha.php] start, can_cache: false
[Sat, 19 Jan 2019 15:28:37 +0000] [/wp-content/pluginsblog-manager-lightassetsjspluginsselect2.full.min.js?ver=4.9.6] [http://cewstaging.jonwp.dvp/wp-admin/admin.php?page=google-captcha.php] storing cached page: false original false reason Requested URI contains query
[Sat, 19 Jan 2019 15:28:37 +0000] [/wp-content/pluginsblog-manager-lightassetsjsfonts.js?ver=4.9.6] [http://cewstaging.jonwp.dvp/wp-admin/admin.php?page=google-captcha.php] start, can_cache: false
[Sat, 19 Jan 2019 15:28:38 +0000] [/wp-content/pluginsblog-manager-lightassetsjsfonts.js?ver=4.9.6] [http://cewstaging.jonwp.dvp/wp-admin/admin.php?page=google-captcha.php] storing cached page: false original false reason Requested URI contains query
[Sat, 19 Jan 2019 15:28:38 +0000] [/wp-content/pluginsblog-manager-lightassetsjsotw-admin-bm-functions.js?ver=4.9.6] [http://cewstaging.jonwp.dvp/wp-admin/admin.php?page=google-captcha.php] start, can_cache: false
[Sat, 19 Jan 2019 15:28:39 +0000] [/wp-content/pluginsblog-manager-lightassetsjsotw-admin-bm-functions.js?ver=4.9.6] [http://cewstaging.jonwp.dvp/wp-admin/admin.php?page=google-captcha.php] storing cached page: false original false reason Requested URI contains query
[Sat, 19 Jan 2019 15:28:39 +0000] [/wp-content/pluginsblog-manager-lightassetsjsotw-admin-bm-variables.js?ver=4.9.6] [http://cewstaging.jonwp.dvp/wp-admin/admin.php?page=google-captcha.php] start, can_cache: false
[Sat, 19 Jan 2019 15:28:40 +0000] [/wp-content/pluginsblog-manager-lightassetsjsotw-admin-bm-variables.js?ver=4.9.6] [http://cewstaging.jonwp.dvp/wp-admin/admin.php?page=google-captcha.php] storing cached page: false original false reason Requested URI contains query
[Sat, 19 Jan 2019 15:29:04 +0000] [/wp-admin/admin.php?page=google-captcha.php] [http://cewstaging.jonwp.dvp/wp-admin/admin.php?page=google-captcha.php] skip processing because of generic constant
[Sat, 19 Jan 2019 15:29:06 +0000] [/wp-content/pluginsblog-manager-lightassetscsscolorpicker.css?ver=4.9.6] [http://cewstaging.jonwp.dvp/wp-admin/admin.php?page=google-captcha.php] start, can_cache: false
[Sat, 19 Jan 2019 15:29:06 +0000] [/wp-content/pluginsblog-manager-lightassetscssotw-blog-list-default.css?ver=4.9.6] [http://cewstaging.jonwp.dvp/wp-admin/admin.php?page=google-captcha.php] start, can_cache: false
[Sat, 19 Jan 2019 15:29:06 +0000] [/wp-content/pluginsblog-manager-lightassetscssselect2.min.css?ver=4.9.6] [http://cewstaging.jonwp.dvp/wp-admin/admin.php?page=google-captcha.php] start, can_cache: false
[Sat, 19 Jan 2019 15:29:06 +0000] [/wp-content/pluginsblog-manager-lightassetsjspluginscolorpicker.js?ver=4.9.6] [http://cewstaging.jonwp.dvp/wp-admin/admin.php?page=google-captcha.php] start, can_cache: false
[Sat, 19 Jan 2019 15:29:06 +0000] [/wp-content/pluginsblog-manager-lightassetsjsfonts.js?ver=4.9.6] [http://cewstaging.jonwp.dvp/wp-admin/admin.php?page=google-captcha.php] start, can_cache: false
[Sat, 19 Jan 2019 15:29:06 +0000] [/wp-content/pluginsblog-manager-lightassetsjspluginsselect2.full.min.js?ver=4.9.6] [http://cewstaging.jonwp.dvp/wp-admin/admin.php?page=google-captcha.php] start, can_cache: false
[Sat, 19 Jan 2019 15:29:07 +0000] [/wp-content/pluginsblog-manager-lightassetscsscolorpicker.css?ver=4.9.6] [http://cewstaging.jonwp.dvp/wp-admin/admin.php?page=google-captcha.php] storing cached page: false original false reason Requested URI contains query
[Sat, 19 Jan 2019 15:29:10 +0000] [/wp-content/pluginsblog-manager-lightassetsjspluginscolorpicker.js?ver=4.9.6] [http://cewstaging.jonwp.dvp/wp-admin/admin.php?page=google-captcha.php] storing cached page: false original false reason Requested URI contains query
[Sat, 19 Jan 2019 15:29:10 +0000] [/wp-content/pluginsblog-manager-lightassetscssotw-blog-list-default.css?ver=4.9.6] [http://cewstaging.jonwp.dvp/wp-admin/admin.php?page=google-captcha.php] storing cached page: false original false reason Requested URI contains query
[Sat, 19 Jan 2019 15:29:10 +0000] [/wp-content/pluginsblog-manager-lightassetsjsfonts.js?ver=4.9.6] [http://cewstaging.jonwp.dvp/wp-admin/admin.php?page=google-captcha.php] storing cached page: false original false reason Requested URI contains query
[Sat, 19 Jan 2019 15:29:10 +0000] [/wp-content/pluginsblog-manager-lightassetsjsotw-admin-bm-functions.js?ver=4.9.6] [http://cewstaging.jonwp.dvp/wp-admin/admin.php?page=google-captcha.php] start, can_cache: false
[Sat, 19 Jan 2019 15:29:11 +0000] [/wp-content/pluginsblog-manager-lightassetsjsotw-admin-bm-variables.js?ver=4.9.6] [http://cewstaging.jonwp.dvp/wp-admin/admin.php?page=google-captcha.php] start, can_cache: false
[Sat, 19 Jan 2019 15:29:11 +0000] [/wp-content/pluginsblog-manager-lightassetscssselect2.min.css?ver=4.9.6] [http://cewstaging.jonwp.dvp/wp-admin/admin.php?page=google-captcha.php] storing cached page: false original false reason Requested URI contains query
[Sat, 19 Jan 2019 15:29:11 +0000] [/wp-content/pluginsblog-manager-lightassetsjspluginsselect2.full.min.js?ver=4.9.6] [http://cewstaging.jonwp.dvp/wp-admin/admin.php?page=google-captcha.php] storing cached page: false original false reason Requested URI contains query
[Sat, 19 Jan 2019 15:29:11 +0000] [/wp-content/pluginsblog-manager-lightassetsjspluginscolorpicker.js?ver=4.9.6] [http://cewstaging.jonwp.dvp/wp-admin/admin.php?page=google-captcha.php] start, can_cache: false
[Sat, 19 Jan 2019 15:29:13 +0000] [/wp-content/pluginsblog-manager-lightassetsjspluginscolorpicker.js?ver=4.9.6] [http://cewstaging.jonwp.dvp/wp-admin/admin.php?page=google-captcha.php] storing cached page: false original false reason Requested URI contains query
[Sat, 19 Jan 2019 15:29:13 +0000] [/wp-content/pluginsblog-manager-lightassetsjspluginsselect2.full.min.js?ver=4.9.6] [http://cewstaging.jonwp.dvp/wp-admin/admin.php?page=google-captcha.php] start, can_cache: false
[Sat, 19 Jan 2019 15:29:13 +0000] [/wp-content/pluginsblog-manager-lightassetsjsotw-admin-bm-functions.js?ver=4.9.6] [http://cewstaging.jonwp.dvp/wp-admin/admin.php?page=google-captcha.php] storing cached page: false original false reason Requested URI contains query
[Sat, 19 Jan 2019 15:29:13 +0000] [/wp-content/pluginsblog-manager-lightassetsjsotw-admin-bm-variables.js?ver=4.9.6] [http://cewstaging.jonwp.dvp/wp-admin/admin.php?page=google-captcha.php] storing cached page: false original false reason Requested URI contains query
[Sat, 19 Jan 2019 15:29:14 +0000] [/wp-content/pluginsblog-manager-lightassetsjspluginsselect2.full.min.js?ver=4.9.6] [http://cewstaging.jonwp.dvp/wp-admin/admin.php?page=google-captcha.php] storing cached page: false original false reason Requested URI contains query
[Sat, 19 Jan 2019 15:29:15 +0000] [/wp-content/pluginsblog-manager-lightassetsjsfonts.js?ver=4.9.6] [http://cewstaging.jonwp.dvp/wp-admin/admin.php?page=google-captcha.php] start, can_cache: false
[Sat, 19 Jan 2019 15:29:16 +0000] [/wp-content/pluginsblog-manager-lightassetsjsfonts.js?ver=4.9.6] [http://cewstaging.jonwp.dvp/wp-admin/admin.php?page=google-captcha.php] storing cached page: false original false reason Requested URI contains query
[Sat, 19 Jan 2019 15:29:16 +0000] [/wp-content/pluginsblog-manager-lightassetsjsotw-admin-bm-functions.js?ver=4.9.6] [http://cewstaging.jonwp.dvp/wp-admin/admin.php?page=google-captcha.php] start, can_cache: false
[Sat, 19 Jan 2019 15:29:17 +0000] [/wp-content/pluginsblog-manager-lightassetsjsotw-admin-bm-functions.js?ver=4.9.6] [http://cewstaging.jonwp.dvp/wp-admin/admin.php?page=google-captcha.php] storing cached page: false original false reason Requested URI contains query
[Sat, 19 Jan 2019 15:29:17 +0000] [/wp-content/pluginsblog-manager-lightassetsjsotw-admin-bm-variables.js?ver=4.9.6] [http://cewstaging.jonwp.dvp/wp-admin/admin.php?page=google-captcha.php] start, can_cache: false
[Sat, 19 Jan 2019 15:29:19 +0000] [/wp-content/pluginsblog-manager-lightassetsjsotw-admin-bm-variables.js?ver=4.9.6] [http://cewstaging.jonwp.dvp/wp-admin/admin.php?page=google-captcha.php] storing cached page: false original false reason Requested URI contains query
[Sat, 19 Jan 2019 15:30:19 +0000] [/wp-admin/admin-ajax.php] [http://cewstaging.jonwp.dvp/wp-admin/admin.php?page=google-captcha.php] skip processing because of generic constant
[Sat, 19 Jan 2019 15:30:31 +0000] [/wp-admin/admin-ajax.php?_wpnonce=bcf3192955&action=gglcptch-test-keys&is_network=0] [http://cewstaging.jonwp.dvp/wp-admin/admin.php?page=google-captcha.php] skip processing because of generic constant
[Sat, 19 Jan 2019 15:30:41 +0000] [/wp-admin/admin-ajax.php] [http://cewstaging.jonwp.dvp/wp-admin/admin.php?page=google-captcha.php] skip processing because of generic constant
[Sat, 19 Jan 2019 15:30:57 +0000] [/wp-admin/admin.php?page=google-captcha.php] [http://cewstaging.jonwp.dvp/wp-admin/admin.php?page=google-captcha.php] skip processing because of generic constant
[Sat, 19 Jan 2019 15:30:58 +0000] [/wp-content/pluginsblog-manager-lightassetscsscolorpicker.css?ver=4.9.6] [http://cewstaging.jonwp.dvp/wp-admin/admin.php?page=google-captcha.php] start, can_cache: false
[Sat, 19 Jan 2019 15:30:58 +0000] [/wp-content/pluginsblog-manager-lightassetscssotw-blog-list-default.css?ver=4.9.6] [http://cewstaging.jonwp.dvp/wp-admin/admin.php?page=google-captcha.php] start, can_cache: false
[Sat, 19 Jan 2019 15:30:58 +0000] [/wp-content/pluginsblog-manager-lightassetscssselect2.min.css?ver=4.9.6] [http://cewstaging.jonwp.dvp/wp-admin/admin.php?page=google-captcha.php] start, can_cache: false
[Sat, 19 Jan 2019 15:30:58 +0000] [/wp-content/pluginsblog-manager-lightassetsjspluginsselect2.full.min.js?ver=4.9.6] [http://cewstaging.jonwp.dvp/wp-admin/admin.php?page=google-captcha.php] start, can_cache: false
[Sat, 19 Jan 2019 15:30:58 +0000] [/wp-content/pluginsblog-manager-lightassetsjsfonts.js?ver=4.9.6] [http://cewstaging.jonwp.dvp/wp-admin/admin.php?page=google-captcha.php] start, can_cache: false
[Sat, 19 Jan 2019 15:30:58 +0000] [/wp-content/pluginsblog-manager-lightassetsjspluginscolorpicker.js?ver=4.9.6] [http://cewstaging.jonwp.dvp/wp-admin/admin.php?page=google-captcha.php] start, can_cache: false
[Sat, 19 Jan 2019 15:31:00 +0000] [/wp-content/pluginsblog-manager-lightassetsjsfonts.js?ver=4.9.6] [http://cewstaging.jonwp.dvp/wp-admin/admin.php?page=google-captcha.php] storing cached page: false original false reason Requested URI contains query
[Sat, 19 Jan 2019 15:31:02 +0000] [/wp-content/pluginsblog-manager-lightassetscssotw-blog-list-default.css?ver=4.9.6] [http://cewstaging.jonwp.dvp/wp-admin/admin.php?page=google-captcha.php] storing cached page: false original false reason Requested URI contains query
[Sat, 19 Jan 2019 15:31:02 +0000] [/wp-content/pluginsblog-manager-lightassetscsscolorpicker.css?ver=4.9.6] [http://cewstaging.jonwp.dvp/wp-admin/admin.php?page=google-captcha.php] storing cached page: false original false reason Requested URI contains query
[Sat, 19 Jan 2019 15:31:02 +0000] [/wp-content/pluginsblog-manager-lightassetsjsotw-admin-bm-functions.js?ver=4.9.6] [http://cewstaging.jonwp.dvp/wp-admin/admin.php?page=google-captcha.php] start, can_cache: false
[Sat, 19 Jan 2019 15:31:02 +0000] [/wp-content/pluginsblog-manager-lightassetsjsotw-admin-bm-variables.js?ver=4.9.6] [http://cewstaging.jonwp.dvp/wp-admin/admin.php?page=google-captcha.php] start, can_cache: false
[Sat, 19 Jan 2019 15:31:04 +0000] [/wp-content/pluginsblog-manager-lightassetscssselect2.min.css?ver=4.9.6] [http://cewstaging.jonwp.dvp/wp-admin/admin.php?page=google-captcha.php] storing cached page: false original false reason Requested URI contains query
[Sat, 19 Jan 2019 15:31:05 +0000] [/wp-content/pluginsblog-manager-lightassetsjspluginscolorpicker.js?ver=4.9.6] [http://cewstaging.jonwp.dvp/wp-admin/admin.php?page=google-captcha.php] storing cached page: false original false reason Requested URI contains query
[Sat, 19 Jan 2019 15:31:05 +0000] [/wp-content/pluginsblog-manager-lightassetsjsotw-admin-bm-functions.js?ver=4.9.6] [http://cewstaging.jonwp.dvp/wp-admin/admin.php?page=google-captcha.php] storing cached page: false original false reason Requested URI contains query
[Sat, 19 Jan 2019 15:31:05 +0000] [/wp-content/pluginsblog-manager-lightassetsjsotw-admin-bm-variables.js?ver=4.9.6] [http://cewstaging.jonwp.dvp/wp-admin/admin.php?page=google-captcha.php] storing cached page: false original false reason Requested URI contains query
[Sat, 19 Jan 2019 15:31:06 +0000] [/wp-content/pluginsblog-manager-lightassetsjspluginsselect2.full.min.js?ver=4.9.6] [http://cewstaging.jonwp.dvp/wp-admin/admin.php?page=google-captcha.php] storing cached page: false original false reason Requested URI contains query
[Sat, 19 Jan 2019 15:31:06 +0000] [/wp-content/pluginsblog-manager-lightassetsjsfonts.js?ver=4.9.6] [http://cewstaging.jonwp.dvp/wp-admin/admin.php?page=google-captcha.php] start, can_cache: false
[Sat, 19 Jan 2019 15:31:07 +0000] [/wp-content/pluginsblog-manager-lightassetsjsfonts.js?ver=4.9.6] [http://cewstaging.jonwp.dvp/wp-admin/admin.php?page=google-captcha.php] storing cached page: false original false reason Requested URI contains query
[Sat, 19 Jan 2019 15:31:07 +0000] [/wp-content/pluginsblog-manager-lightassetsjsotw-admin-bm-functions.js?ver=4.9.6] [http://cewstaging.jonwp.dvp/wp-admin/admin.php?page=google-captcha.php] start, can_cache: false
[Sat, 19 Jan 2019 15:31:09 +0000] [/wp-content/pluginsblog-manager-lightassetsjsotw-admin-bm-functions.js?ver=4.9.6] [http://cewstaging.jonwp.dvp/wp-admin/admin.php?page=google-captcha.php] storing cached page: false original false reason Requested URI contains query
[Sat, 19 Jan 2019 15:31:09 +0000] [/wp-content/pluginsblog-manager-lightassetsjsotw-admin-bm-variables.js?ver=4.9.6] [http://cewstaging.jonwp.dvp/wp-admin/admin.php?page=google-captcha.php] start, can_cache: false
[Sat, 19 Jan 2019 15:31:13 +0000] [/wp-content/pluginsblog-manager-lightassetsjsotw-admin-bm-variables.js?ver=4.9.6] [http://cewstaging.jonwp.dvp/wp-admin/admin.php?page=google-captcha.php] storing cached page: false original false reason Requested URI contains query
[Sat, 19 Jan 2019 15:32:15 +0000] [/wp-admin/admin-ajax.php] [http://cewstaging.jonwp.dvp/wp-admin/admin.php?page=google-captcha.php] skip processing because of generic constant
[Sat, 19 Jan 2019 15:32:17 +0000] [/wp-admin/widgets.php] [http://cewstaging.jonwp.dvp/wp-admin/admin.php?page=google-captcha.php] skip processing because of generic constant
[Sat, 19 Jan 2019 15:32:20 +0000] [/wp-content/pluginsblog-manager-lightassetscsscolorpicker.css?ver=4.9.6] [http://cewstaging.jonwp.dvp/wp-admin/widgets.php] start, can_cache: false
[Sat, 19 Jan 2019 15:32:20 +0000] [/wp-content/pluginsblog-manager-lightassetscssotw-blog-list-default.css?ver=4.9.6] [http://cewstaging.jonwp.dvp/wp-admin/widgets.php] start, can_cache: false
[Sat, 19 Jan 2019 15:32:22 +0000] [/wp-content/pluginsblog-manager-lightassetscsscolorpicker.css?ver=4.9.6] [http://cewstaging.jonwp.dvp/wp-admin/widgets.php] storing cached page: false original false reason Requested URI contains query
[Sat, 19 Jan 2019 15:32:22 +0000] [/wp-content/pluginsblog-manager-lightassetscssselect2.min.css?ver=4.9.6] [http://cewstaging.jonwp.dvp/wp-admin/widgets.php] start, can_cache: false
[Sat, 19 Jan 2019 15:32:23 +0000] [/wp-content/pluginsblog-manager-lightassetscssotw-blog-list-default.css?ver=4.9.6] [http://cewstaging.jonwp.dvp/wp-admin/widgets.php] storing cached page: false original false reason Requested URI contains query
[Sat, 19 Jan 2019 15:32:23 +0000] [/wp-content/pluginsblog-manager-lightassetsjspluginscolorpicker.js?ver=4.9.6] [http://cewstaging.jonwp.dvp/wp-admin/widgets.php] start, can_cache: false
[Sat, 19 Jan 2019 15:32:24 +0000] [/wp-content/pluginsblog-manager-lightassetscssselect2.min.css?ver=4.9.6] [http://cewstaging.jonwp.dvp/wp-admin/widgets.php] storing cached page: false original false reason Requested URI contains query
[Sat, 19 Jan 2019 15:32:24 +0000] [/wp-content/pluginsblog-manager-lightassetsjspluginsselect2.full.min.js?ver=4.9.6] [http://cewstaging.jonwp.dvp/wp-admin/widgets.php] start, can_cache: false
[Sat, 19 Jan 2019 15:32:26 +0000] [/wp-content/pluginsblog-manager-lightassetsjspluginsselect2.full.min.js?ver=4.9.6] [http://cewstaging.jonwp.dvp/wp-admin/widgets.php] storing cached page: false original false reason Requested URI contains query
[Sat, 19 Jan 2019 15:32:26 +0000] [/wp-content/pluginsblog-manager-lightassetsjspluginscolorpicker.js?ver=4.9.6] [http://cewstaging.jonwp.dvp/wp-admin/widgets.php] storing cached page: false original false reason Requested URI contains query
[Sat, 19 Jan 2019 15:32:26 +0000] [/wp-content/pluginsblog-manager-lightassetsjsfonts.js?ver=4.9.6] [http://cewstaging.jonwp.dvp/wp-admin/widgets.php] start, can_cache: false
[Sat, 19 Jan 2019 15:32:26 +0000] [/wp-content/pluginsblog-manager-lightassetsjsotw-admin-bm-functions.js?ver=4.9.6] [http://cewstaging.jonwp.dvp/wp-admin/widgets.php] start, can_cache: false
[Sat, 19 Jan 2019 15:32:29 +0000] [/wp-content/pluginsblog-manager-lightassetsjsfonts.js?ver=4.9.6] [http://cewstaging.jonwp.dvp/wp-admin/widgets.php] storing cached page: false original false reason Requested URI contains query
[Sat, 19 Jan 2019 15:32:30 +0000] [/wp-content/pluginsblog-manager-lightassetsjsotw-admin-bm-variables.js?ver=4.9.6] [http://cewstaging.jonwp.dvp/wp-admin/widgets.php] start, can_cache: false
[Sat, 19 Jan 2019 15:32:32 +0000] [/wp-content/pluginsblog-manager-lightassetsjsotw-admin-bm-variables.js?ver=4.9.6] [http://cewstaging.jonwp.dvp/wp-admin/widgets.php] storing cached page: false original false reason Requested URI contains query
[Sat, 19 Jan 2019 15:32:33 +0000] [/wp-content/pluginsblog-manager-lightassetsjspluginsselect2.full.min.js?ver=4.9.6] [http://cewstaging.jonwp.dvp/wp-admin/widgets.php] start, can_cache: false
[Sat, 19 Jan 2019 15:32:35 +0000] [/wp-content/pluginsblog-manager-lightassetsjsotw-admin-bm-functions.js?ver=4.9.6] [http://cewstaging.jonwp.dvp/wp-admin/widgets.php] storing cached page: false original false reason Requested URI contains query
[Sat, 19 Jan 2019 15:32:36 +0000] [/wp-content/pluginsblog-manager-lightassetsjspluginsselect2.full.min.js?ver=4.9.6] [http://cewstaging.jonwp.dvp/wp-admin/widgets.php] storing cached page: false original false reason Requested URI contains query
[Sat, 19 Jan 2019 15:32:36 +0000] [/wp-content/pluginsblog-manager-lightassetsjsfonts.js?ver=4.9.6] [http://cewstaging.jonwp.dvp/wp-admin/widgets.php] start, can_cache: false
[Sat, 19 Jan 2019 15:32:39 +0000] [/wp-content/pluginsblog-manager-lightassetsjsfonts.js?ver=4.9.6] [http://cewstaging.jonwp.dvp/wp-admin/widgets.php] storing cached page: false original false reason Requested URI contains query
[Sat, 19 Jan 2019 15:32:39 +0000] [/wp-content/pluginsblog-manager-lightassetsjsotw-admin-bm-functions.js?ver=4.9.6] [http://cewstaging.jonwp.dvp/wp-admin/widgets.php] start, can_cache: false
[Sat, 19 Jan 2019 15:32:42 +0000] [/wp-content/pluginsblog-manager-lightassetsjsotw-admin-bm-functions.js?ver=4.9.6] [http://cewstaging.jonwp.dvp/wp-admin/widgets.php] storing cached page: false original false reason Requested URI contains query
[Sat, 19 Jan 2019 15:32:42 +0000] [/wp-content/pluginsblog-manager-lightassetsjsotw-admin-bm-variables.js?ver=4.9.6] [http://cewstaging.jonwp.dvp/wp-admin/widgets.php] start, can_cache: false
[Sat, 19 Jan 2019 15:32:45 +0000] [/wp-content/pluginsblog-manager-lightassetsjsotw-admin-bm-variables.js?ver=4.9.6] [http://cewstaging.jonwp.dvp/wp-admin/widgets.php] storing cached page: false original false reason Requested URI contains query
[Sat, 19 Jan 2019 15:33:47 +0000] [/wp-admin/admin-ajax.php] [http://cewstaging.jonwp.dvp/wp-admin/widgets.php] skip processing because of generic constant
[Sat, 19 Jan 2019 15:34:47 +0000] [/wp-admin/admin-ajax.php] [http://cewstaging.jonwp.dvp/wp-admin/widgets.php] skip processing because of generic constant
[Sat, 19 Jan 2019 15:36:48 +0000] [/wp-admin/admin-ajax.php] [http://cewstaging.jonwp.dvp/wp-admin/widgets.php] skip processing because of generic constant
[Sat, 19 Jan 2019 15:38:49 +0000] [/wp-admin/admin-ajax.php] [http://cewstaging.jonwp.dvp/wp-admin/widgets.php] skip processing because of generic constant
[Sat, 19 Jan 2019 15:40:50 +0000] [/wp-admin/admin-ajax.php] [http://cewstaging.jonwp.dvp/wp-admin/widgets.php] skip processing because of generic constant
[Sat, 19 Jan 2019 15:42:51 +0000] [/wp-admin/admin-ajax.php] [http://cewstaging.jonwp.dvp/wp-admin/widgets.php] skip processing because of generic constant
[Sat, 19 Jan 2019 20:16:02 +0000] [/wp-admin/widgets.php] [-] skip processing because of generic constant
[Sat, 19 Jan 2019 20:16:03 +0000] [/wp-cron.php?doing_wp_cron=1547928963.5522859096527099609375] [http://cewstaging.jonwp.dvp/wp-cron.php?doing_wp_cron=1547928963.5522859096527099609375] skip processing because of generic constant
[Sat, 19 Jan 2019 20:16:06 +0000] [/wp-content/pluginsblog-manager-lightassetscssotw-blog-list-default.css?ver=4.9.6] [http://cewstaging.jonwp.dvp/wp-admin/widgets.php] start, can_cache: false
[Sat, 19 Jan 2019 20:16:06 +0000] [/wp-content/pluginsblog-manager-lightassetscsscolorpicker.css?ver=4.9.6] [http://cewstaging.jonwp.dvp/wp-admin/widgets.php] start, can_cache: false
[Sat, 19 Jan 2019 20:16:06 +0000] [/wp-content/pluginsblog-manager-lightassetsjspluginscolorpicker.js?ver=4.9.6] [http://cewstaging.jonwp.dvp/wp-admin/widgets.php] start, can_cache: false
[Sat, 19 Jan 2019 20:16:06 +0000] [/wp-content/pluginsblog-manager-lightassetsjsfonts.js?ver=4.9.6] [http://cewstaging.jonwp.dvp/wp-admin/widgets.php] start, can_cache: false
[Sat, 19 Jan 2019 20:16:06 +0000] [/wp-content/pluginsblog-manager-lightassetsjspluginsselect2.full.min.js?ver=4.9.6] [http://cewstaging.jonwp.dvp/wp-admin/widgets.php] start, can_cache: false
[Sat, 19 Jan 2019 20:16:06 +0000] [/wp-content/pluginsblog-manager-lightassetscssselect2.min.css?ver=4.9.6] [http://cewstaging.jonwp.dvp/wp-admin/widgets.php] start, can_cache: false
[Sat, 19 Jan 2019 20:16:10 +0000] [/wp-content/pluginsblog-manager-lightassetscssotw-blog-list-default.css?ver=4.9.6] [http://cewstaging.jonwp.dvp/wp-admin/widgets.php] storing cached page: false original false reason Requested URI contains query
[Sat, 19 Jan 2019 20:16:10 +0000] [/wp-content/pluginsblog-manager-lightassetsjsotw-admin-bm-functions.js?ver=4.9.6] [http://cewstaging.jonwp.dvp/wp-admin/widgets.php] start, can_cache: false
[Sat, 19 Jan 2019 20:16:10 +0000] [/wp-content/pluginsblog-manager-lightassetsjsfonts.js?ver=4.9.6] [http://cewstaging.jonwp.dvp/wp-admin/widgets.php] storing cached page: false original false reason Requested URI contains query
[Sat, 19 Jan 2019 20:16:11 +0000] [/wp-content/pluginsblog-manager-lightassetsjspluginscolorpicker.js?ver=4.9.6] [http://cewstaging.jonwp.dvp/wp-admin/widgets.php] storing cached page: false original false reason Requested URI contains query
[Sat, 19 Jan 2019 20:16:11 +0000] [/wp-content/pluginsblog-manager-lightassetsjsotw-admin-bm-variables.js?ver=4.9.6] [http://cewstaging.jonwp.dvp/wp-admin/widgets.php] start, can_cache: false
[Sat, 19 Jan 2019 20:16:11 +0000] [/wp-content/pluginsblog-manager-lightassetscsscolorpicker.css?ver=4.9.6] [http://cewstaging.jonwp.dvp/wp-admin/widgets.php] storing cached page: false original false reason Requested URI contains query
[Sat, 19 Jan 2019 20:16:13 +0000] [/wp-content/pluginsblog-manager-lightassetsjsotw-admin-bm-functions.js?ver=4.9.6] [http://cewstaging.jonwp.dvp/wp-admin/widgets.php] storing cached page: false original false reason Requested URI contains query
[Sat, 19 Jan 2019 20:16:14 +0000] [/wp-content/pluginsblog-manager-lightassetsjspluginsselect2.full.min.js?ver=4.9.6] [http://cewstaging.jonwp.dvp/wp-admin/widgets.php] storing cached page: false original false reason Requested URI contains query
[Sat, 19 Jan 2019 20:16:14 +0000] [/wp-content/pluginsblog-manager-lightassetscssselect2.min.css?ver=4.9.6] [http://cewstaging.jonwp.dvp/wp-admin/widgets.php] storing cached page: false original false reason Requested URI contains query
[Sat, 19 Jan 2019 20:16:15 +0000] [/wp-content/pluginsblog-manager-lightassetsjspluginscolorpicker.js?ver=4.9.6] [http://cewstaging.jonwp.dvp/wp-admin/widgets.php] start, can_cache: false
[Sat, 19 Jan 2019 20:16:15 +0000] [/wp-content/pluginsblog-manager-lightassetsjsotw-admin-bm-variables.js?ver=4.9.6] [http://cewstaging.jonwp.dvp/wp-admin/widgets.php] storing cached page: false original false reason Requested URI contains query
[Sat, 19 Jan 2019 20:16:16 +0000] [/wp-content/pluginsblog-manager-lightassetsjspluginscolorpicker.js?ver=4.9.6] [http://cewstaging.jonwp.dvp/wp-admin/widgets.php] storing cached page: false original false reason Requested URI contains query
[Sat, 19 Jan 2019 20:16:16 +0000] [/wp-content/pluginsblog-manager-lightassetsjspluginsselect2.full.min.js?ver=4.9.6] [http://cewstaging.jonwp.dvp/wp-admin/widgets.php] start, can_cache: false
[Sat, 19 Jan 2019 20:16:17 +0000] [/wp-content/pluginsblog-manager-lightassetsjspluginsselect2.full.min.js?ver=4.9.6] [http://cewstaging.jonwp.dvp/wp-admin/widgets.php] storing cached page: false original false reason Requested URI contains query
[Sat, 19 Jan 2019 20:16:18 +0000] [/wp-content/pluginsblog-manager-lightassetsjsfonts.js?ver=4.9.6] [http://cewstaging.jonwp.dvp/wp-admin/widgets.php] start, can_cache: false
[Sat, 19 Jan 2019 20:16:19 +0000] [/wp-content/pluginsblog-manager-lightassetsjsfonts.js?ver=4.9.6] [http://cewstaging.jonwp.dvp/wp-admin/widgets.php] storing cached page: false original false reason Requested URI contains query
[Sat, 19 Jan 2019 20:16:19 +0000] [/wp-content/pluginsblog-manager-lightassetsjsotw-admin-bm-functions.js?ver=4.9.6] [http://cewstaging.jonwp.dvp/wp-admin/widgets.php] start, can_cache: false
[Sat, 19 Jan 2019 20:16:21 +0000] [/wp-content/pluginsblog-manager-lightassetsjsotw-admin-bm-functions.js?ver=4.9.6] [http://cewstaging.jonwp.dvp/wp-admin/widgets.php] storing cached page: false original false reason Requested URI contains query
[Sat, 19 Jan 2019 20:16:21 +0000] [/wp-content/pluginsblog-manager-lightassetsjsotw-admin-bm-variables.js?ver=4.9.6] [http://cewstaging.jonwp.dvp/wp-admin/widgets.php] start, can_cache: false
[Sat, 19 Jan 2019 20:16:23 +0000] [/wp-content/pluginsblog-manager-lightassetsjsotw-admin-bm-variables.js?ver=4.9.6] [http://cewstaging.jonwp.dvp/wp-admin/widgets.php] storing cached page: false original false reason Requested URI contains query
[Sat, 19 Jan 2019 20:18:27 +0000] [/wp-admin/admin-ajax.php] [http://cewstaging.jonwp.dvp/wp-admin/widgets.php] skip processing because of generic constant
[Sat, 19 Jan 2019 20:20:14 +0000] [/wp-admin/admin-ajax.php] [http://cewstaging.jonwp.dvp/wp-admin/widgets.php] skip processing because of generic constant
[Sat, 19 Jan 2019 20:20:20 +0000] [/wp-admin/customize.php?return=%2Fwp-admin%2Fwidgets.php] [http://cewstaging.jonwp.dvp/wp-admin/widgets.php] skip processing because of generic constant
[Sat, 19 Jan 2019 20:20:23 +0000] [/wp-content/pluginsblog-manager-lightassetscsscolorpicker.css?ver=4.9.6] [http://cewstaging.jonwp.dvp/wp-admin/customize.php?return=%2Fwp-admin%2Fwidgets.php] start, can_cache: false
[Sat, 19 Jan 2019 20:20:23 +0000] [/wp-content/pluginsblog-manager-lightassetscssotw-blog-list-default.css?ver=4.9.6] [http://cewstaging.jonwp.dvp/wp-admin/customize.php?return=%2Fwp-admin%2Fwidgets.php] start, can_cache: false
[Sat, 19 Jan 2019 20:20:26 +0000] [/wp-content/pluginsblog-manager-lightassetscsscolorpicker.css?ver=4.9.6] [http://cewstaging.jonwp.dvp/wp-admin/customize.php?return=%2Fwp-admin%2Fwidgets.php] storing cached page: false original false reason Requested URI contains query
[Sat, 19 Jan 2019 20:20:26 +0000] [/wp-content/pluginsblog-manager-lightassetscssselect2.min.css?ver=4.9.6] [http://cewstaging.jonwp.dvp/wp-admin/customize.php?return=%2Fwp-admin%2Fwidgets.php] start, can_cache: false
[Sat, 19 Jan 2019 20:20:28 +0000] [/wp-content/pluginsblog-manager-lightassetscssotw-blog-list-default.css?ver=4.9.6] [http://cewstaging.jonwp.dvp/wp-admin/customize.php?return=%2Fwp-admin%2Fwidgets.php] storing cached page: false original false reason Requested URI contains query
[Sat, 19 Jan 2019 20:20:29 +0000] [/wp-content/pluginsblog-manager-lightassetscssselect2.min.css?ver=4.9.6] [http://cewstaging.jonwp.dvp/wp-admin/customize.php?return=%2Fwp-admin%2Fwidgets.php] storing cached page: false original false reason Requested URI contains query
[Sat, 19 Jan 2019 20:20:37 +0000] [/?customize_changeset_uuid=e8f13419-917b-4ce9-a297-222c8879e2b0&customize_theme=infinity-pro&customize_messenger_channel=preview-0] [http://cewstaging.jonwp.dvp/wp-admin/customize.php?return=%2Fwp-admin%2Fwidgets.php] start, can_cache: false
[Sat, 19 Jan 2019 20:20:40 +0000] [/?customize_changeset_uuid=e8f13419-917b-4ce9-a297-222c8879e2b0&customize_theme=infinity-pro&customize_messenger_channel=preview-0] [http://cewstaging.jonwp.dvp/wp-admin/customize.php?return=%2Fwp-admin%2Fwidgets.php] storing cached page: false original false reason Requested URI contains query
[Sat, 19 Jan 2019 20:20:41 +0000] [/wp-content/cache/minify/4a455.css] [http://cewstaging.jonwp.dvp/?customize_changeset_uuid=e8f13419-917b-4ce9-a297-222c8879e2b0&customize_theme=infinity-pro&customize_messenger_channel=preview-0] start, can_cache: false
[Sat, 19 Jan 2019 20:20:41 +0000] [/wp-content/pluginsblog-manager-lightfrontendcssdefault.css?ver=4.9.6] [http://cewstaging.jonwp.dvp/?customize_changeset_uuid=e8f13419-917b-4ce9-a297-222c8879e2b0&customize_theme=infinity-pro&customize_messenger_channel=preview-0] start, can_cache: false
[Sat, 19 Jan 2019 20:20:44 +0000] [/wp-content/pluginsblog-manager-lightfrontendcssdefault.css?ver=4.9.6] [http://cewstaging.jonwp.dvp/?customize_changeset_uuid=e8f13419-917b-4ce9-a297-222c8879e2b0&customize_theme=infinity-pro&customize_messenger_channel=preview-0] storing cached page: false original false reason Requested URI contains query
[Sat, 19 Jan 2019 20:20:44 +0000] [/wp-content/pluginsblog-manager-lightfrontendcssfont-awesome.min.css?ver=4.9.6] [http://cewstaging.jonwp.dvp/?customize_changeset_uuid=e8f13419-917b-4ce9-a297-222c8879e2b0&customize_theme=infinity-pro&customize_messenger_channel=preview-0] start, can_cache: false
[Sat, 19 Jan 2019 20:20:46 +0000] [/wp-content/pluginsblog-manager-lightfrontendcssfont-awesome.min.css?ver=4.9.6] [http://cewstaging.jonwp.dvp/?customize_changeset_uuid=e8f13419-917b-4ce9-a297-222c8879e2b0&customize_theme=infinity-pro&customize_messenger_channel=preview-0] storing cached page: false original false reason Requested URI contains query
[Sat, 19 Jan 2019 20:20:46 +0000] [/wp-content/pluginsblog-manager-lightfrontendcssotw-blog-manager.css?ver=4.9.6] [http://cewstaging.jonwp.dvp/?customize_changeset_uuid=e8f13419-917b-4ce9-a297-222c8879e2b0&customize_theme=infinity-pro&customize_messenger_channel=preview-0] start, can_cache: false
[Sat, 19 Jan 2019 20:20:46 +0000] [/wp-content/cache/minify/4a455.css] [http://cewstaging.jonwp.dvp/?customize_changeset_uuid=e8f13419-917b-4ce9-a297-222c8879e2b0&customize_theme=infinity-pro&customize_messenger_channel=preview-0] storing cached page - not a cached content
[Sat, 19 Jan 2019 20:20:47 +0000] [/wp-content/pluginsblog-manager-lightfrontendcssotw-grid.css?ver=4.9.6] [http://cewstaging.jonwp.dvp/?customize_changeset_uuid=e8f13419-917b-4ce9-a297-222c8879e2b0&customize_theme=infinity-pro&customize_messenger_channel=preview-0] start, can_cache: false
[Sat, 19 Jan 2019 20:20:48 +0000] [/wp-content/pluginsblog-manager-lightfrontendcssotw-blog-manager.css?ver=4.9.6] [http://cewstaging.jonwp.dvp/?customize_changeset_uuid=e8f13419-917b-4ce9-a297-222c8879e2b0&customize_theme=infinity-pro&customize_messenger_channel=preview-0] storing cached page: false original false reason Requested URI contains query
[Sat, 19 Jan 2019 20:20:49 +0000] [/wp-content/uploadsotwbmskinscustom.css?ver=4.9.6] [http://cewstaging.jonwp.dvp/?customize_changeset_uuid=e8f13419-917b-4ce9-a297-222c8879e2b0&customize_theme=infinity-pro&customize_messenger_channel=preview-0] start, can_cache: false
[Sat, 19 Jan 2019 20:20:50 +0000] [/wp-content/pluginsblog-manager-lightfrontendcssotw-grid.css?ver=4.9.6] [http://cewstaging.jonwp.dvp/?customize_changeset_uuid=e8f13419-917b-4ce9-a297-222c8879e2b0&customize_theme=infinity-pro&customize_messenger_channel=preview-0] storing cached page: false original false reason Requested URI contains query
[Sat, 19 Jan 2019 20:20:51 +0000] [/wp-content/uploadsotwbmskinscustom.css?ver=4.9.6] [http://cewstaging.jonwp.dvp/?customize_changeset_uuid=e8f13419-917b-4ce9-a297-222c8879e2b0&customize_theme=infinity-pro&customize_messenger_channel=preview-0] storing cached page: false original false reason Requested URI contains query
[Sat, 19 Jan 2019 20:20:51 +0000] [/wp-content/pluginsblog-manager-lightfrontendcssdefault.css?ver=4.9.6] [http://cewstaging.jonwp.dvp/?customize_changeset_uuid=e8f13419-917b-4ce9-a297-222c8879e2b0&customize_theme=infinity-pro&customize_messenger_channel=preview-0] start, can_cache: false
[Sat, 19 Jan 2019 20:20:51 +0000] [/wp-content/pluginsblog-manager-lightfrontendcssfont-awesome.min.css?ver=4.9.6] [http://cewstaging.jonwp.dvp/?customize_changeset_uuid=e8f13419-917b-4ce9-a297-222c8879e2b0&customize_theme=infinity-pro&customize_messenger_channel=preview-0] start, can_cache: false
[Sat, 19 Jan 2019 20:20:53 +0000] [/wp-content/pluginsblog-manager-lightfrontendcssdefault.css?ver=4.9.6] [http://cewstaging.jonwp.dvp/?customize_changeset_uuid=e8f13419-917b-4ce9-a297-222c8879e2b0&customize_theme=infinity-pro&customize_messenger_channel=preview-0] storing cached page: false original false reason Requested URI contains query
[Sat, 19 Jan 2019 20:20:54 +0000] [/wp-content/cache/minify/35953.js] [http://cewstaging.jonwp.dvp/?customize_changeset_uuid=e8f13419-917b-4ce9-a297-222c8879e2b0&customize_theme=infinity-pro&customize_messenger_channel=preview-0] start, can_cache: false
[Sat, 19 Jan 2019 20:20:54 +0000] [/wp-content/pluginsblog-manager-lightfrontendcssfont-awesome.min.css?ver=4.9.6] [http://cewstaging.jonwp.dvp/?customize_changeset_uuid=e8f13419-917b-4ce9-a297-222c8879e2b0&customize_theme=infinity-pro&customize_messenger_channel=preview-0] storing cached page: false original false reason Requested URI contains query
[Sat, 19 Jan 2019 20:20:55 +0000] [/wp-content/cache/minify/35953.js] [http://cewstaging.jonwp.dvp/?customize_changeset_uuid=e8f13419-917b-4ce9-a297-222c8879e2b0&customize_theme=infinity-pro&customize_messenger_channel=preview-0] storing cached page: false original false reason User is logged in
[Sat, 19 Jan 2019 20:20:55 +0000] [/wp-content/pluginsblog-manager-lightfrontendjsjquery.flexslider.min.js?ver=4.9.6] [http://cewstaging.jonwp.dvp/?customize_changeset_uuid=e8f13419-917b-4ce9-a297-222c8879e2b0&customize_theme=infinity-pro&customize_messenger_channel=preview-0] start, can_cache: false
[Sat, 19 Jan 2019 20:20:55 +0000] [/wp-content/pluginsblog-manager-lightfrontendjsjquery.infinitescroll.min.js?ver=4.9.6] [http://cewstaging.jonwp.dvp/?customize_changeset_uuid=e8f13419-917b-4ce9-a297-222c8879e2b0&customize_theme=infinity-pro&customize_messenger_channel=preview-0] start, can_cache: false
[Sat, 19 Jan 2019 20:20:58 +0000] [/wp-content/pluginsblog-manager-lightfrontendjsjquery.flexslider.min.js?ver=4.9.6] [http://cewstaging.jonwp.dvp/?customize_changeset_uuid=e8f13419-917b-4ce9-a297-222c8879e2b0&customize_theme=infinity-pro&customize_messenger_channel=preview-0] storing cached page: false original false reason Requested URI contains query
[Sat, 19 Jan 2019 20:20:59 +0000] [/wp-content/pluginsblog-manager-lightfrontendjsjquery.infinitescroll.min.js?ver=4.9.6] [http://cewstaging.jonwp.dvp/?customize_changeset_uuid=e8f13419-917b-4ce9-a297-222c8879e2b0&customize_theme=infinity-pro&customize_messenger_channel=preview-0] storing cached page: false original false reason Requested URI contains query
[Sat, 19 Jan 2019 20:21:00 +0000] [/wp-content/pluginsblog-manager-lightfrontendjsjquery.fitvids.js?ver=4.9.6] [http://cewstaging.jonwp.dvp/?customize_changeset_uuid=e8f13419-917b-4ce9-a297-222c8879e2b0&customize_theme=infinity-pro&customize_messenger_channel=preview-0] start, can_cache: false
[Sat, 19 Jan 2019 20:21:00 +0000] [/wp-content/pluginsblog-manager-lightfrontendjspixastic.custom.min.js?ver=4.9.6] [http://cewstaging.jonwp.dvp/?customize_changeset_uuid=e8f13419-917b-4ce9-a297-222c8879e2b0&customize_theme=infinity-pro&customize_messenger_channel=preview-0] start, can_cache: false
[Sat, 19 Jan 2019 20:21:02 +0000] [/wp-content/pluginsblog-manager-lightfrontendjsjquery.fitvids.js?ver=4.9.6] [http://cewstaging.jonwp.dvp/?customize_changeset_uuid=e8f13419-917b-4ce9-a297-222c8879e2b0&customize_theme=infinity-pro&customize_messenger_channel=preview-0] storing cached page: false original false reason Requested URI contains query
[Sat, 19 Jan 2019 20:21:02 +0000] [/wp-content/cache/minify/b1bfd.js] [http://cewstaging.jonwp.dvp/?customize_changeset_uuid=e8f13419-917b-4ce9-a297-222c8879e2b0&customize_theme=infinity-pro&customize_messenger_channel=preview-0] start, can_cache: false
[Sat, 19 Jan 2019 20:21:02 +0000] [/wp-content/pluginsblog-manager-lightfrontendjspixastic.custom.min.js?ver=4.9.6] [http://cewstaging.jonwp.dvp/?customize_changeset_uuid=e8f13419-917b-4ce9-a297-222c8879e2b0&customize_theme=infinity-pro&customize_messenger_channel=preview-0] storing cached page: false original false reason Requested URI contains query
[Sat, 19 Jan 2019 20:21:03 +0000] [/wp-content/cache/minify/b1bfd.js] [http://cewstaging.jonwp.dvp/?customize_changeset_uuid=e8f13419-917b-4ce9-a297-222c8879e2b0&customize_theme=infinity-pro&customize_messenger_channel=preview-0] storing cached page: false original false reason User is logged in
[Sat, 19 Jan 2019 20:21:03 +0000] [/wp-content/cache/minify/8f300.js] [http://cewstaging.jonwp.dvp/?customize_changeset_uuid=e8f13419-917b-4ce9-a297-222c8879e2b0&customize_theme=infinity-pro&customize_messenger_channel=preview-0] start, can_cache: false
[Sat, 19 Jan 2019 20:21:03 +0000] [/wp-content/pluginsblog-manager-lightfrontendjsjquery.fitvids.js?ver=4.9.6] [http://cewstaging.jonwp.dvp/?customize_changeset_uuid=e8f13419-917b-4ce9-a297-222c8879e2b0&customize_theme=infinity-pro&customize_messenger_channel=preview-0] start, can_cache: false
[Sat, 19 Jan 2019 20:21:05 +0000] [/wp-content/cache/minify/8f300.js] [http://cewstaging.jonwp.dvp/?customize_changeset_uuid=e8f13419-917b-4ce9-a297-222c8879e2b0&customize_theme=infinity-pro&customize_messenger_channel=preview-0] storing cached page - not a cached content
[Sat, 19 Jan 2019 20:21:05 +0000] [/wp-content/cache/minify/fe23b.js] [http://cewstaging.jonwp.dvp/?customize_changeset_uuid=e8f13419-917b-4ce9-a297-222c8879e2b0&customize_theme=infinity-pro&customize_messenger_channel=preview-0] start, can_cache: false
[Sat, 19 Jan 2019 20:21:05 +0000] [/wp-content/pluginsblog-manager-lightfrontendjsjquery.fitvids.js?ver=4.9.6] [http://cewstaging.jonwp.dvp/?customize_changeset_uuid=e8f13419-917b-4ce9-a297-222c8879e2b0&customize_theme=infinity-pro&customize_messenger_channel=preview-0] storing cached page: false original false reason Requested URI contains query
[Sat, 19 Jan 2019 20:21:06 +0000] [/wp-content/cache/minify/b130c.js] [http://cewstaging.jonwp.dvp/?customize_changeset_uuid=e8f13419-917b-4ce9-a297-222c8879e2b0&customize_theme=infinity-pro&customize_messenger_channel=preview-0] start, can_cache: false
[Sat, 19 Jan 2019 20:21:07 +0000] [/wp-content/cache/minify/fe23b.js] [http://cewstaging.jonwp.dvp/?customize_changeset_uuid=e8f13419-917b-4ce9-a297-222c8879e2b0&customize_theme=infinity-pro&customize_messenger_channel=preview-0] storing cached page: false original false reason User is logged in
[Sat, 19 Jan 2019 20:21:08 +0000] [/wp-content/cache/minify/b130c.js] [http://cewstaging.jonwp.dvp/?customize_changeset_uuid=e8f13419-917b-4ce9-a297-222c8879e2b0&customize_theme=infinity-pro&customize_messenger_channel=preview-0] storing cached page - not a cached content
[Sat, 19 Jan 2019 20:21:08 +0000] [/wp-content/pluginsblog-manager-lightfrontendjsscript.js?ver=4.9.6] [http://cewstaging.jonwp.dvp/?customize_changeset_uuid=e8f13419-917b-4ce9-a297-222c8879e2b0&customize_theme=infinity-pro&customize_messenger_channel=preview-0] start, can_cache: false
[Sat, 19 Jan 2019 20:21:08 +0000] [/wp-content/cache/minify/626cd.js] [http://cewstaging.jonwp.dvp/?customize_changeset_uuid=e8f13419-917b-4ce9-a297-222c8879e2b0&customize_theme=infinity-pro&customize_messenger_channel=preview-0] start, can_cache: false
[Sat, 19 Jan 2019 20:21:09 +0000] [/wp-content/cache/minify/626cd.js] [http://cewstaging.jonwp.dvp/?customize_changeset_uuid=e8f13419-917b-4ce9-a297-222c8879e2b0&customize_theme=infinity-pro&customize_messenger_channel=preview-0] storing cached page: false original false reason User is logged in
[Sat, 19 Jan 2019 20:21:10 +0000] [/wp-content/pluginsblog-manager-lightfrontendjsscript.js?ver=4.9.6] [http://cewstaging.jonwp.dvp/?customize_changeset_uuid=e8f13419-917b-4ce9-a297-222c8879e2b0&customize_theme=infinity-pro&customize_messenger_channel=preview-0] storing cached page: false original false reason Requested URI contains query
[Sat, 19 Jan 2019 20:21:10 +0000] [/wp-content/themes/fonts/TRAJANPRO-REGULAR.OTF] [http://cewstaging.jonwp.dvp/wp-content/cache/minify/4a455.css] start, can_cache: false
[Sat, 19 Jan 2019 20:21:13 +0000] [/wp-content/themes/fonts/TRAJANPRO-REGULAR.OTF] [http://cewstaging.jonwp.dvp/wp-content/cache/minify/4a455.css] storing cached page: false original false reason User is logged in
[Sat, 19 Jan 2019 20:21:13 +0000] [/wp-content/pluginsblog-manager-lightfrontendjsscript.js?ver=4.9.6] [http://cewstaging.jonwp.dvp/?customize_changeset_uuid=e8f13419-917b-4ce9-a297-222c8879e2b0&customize_theme=infinity-pro&customize_messenger_channel=preview-0] start, can_cache: false
[Sat, 19 Jan 2019 20:21:13 +0000] [/wp-content/cache/minify/805f5.js] [http://cewstaging.jonwp.dvp/?customize_changeset_uuid=e8f13419-917b-4ce9-a297-222c8879e2b0&customize_theme=infinity-pro&customize_messenger_channel=preview-0] start, can_cache: false
[Sat, 19 Jan 2019 20:21:14 +0000] [/wp-admin/admin-ajax.php] [http://cewstaging.jonwp.dvp/wp-admin/widgets.php] skip processing because of generic constant
[Sat, 19 Jan 2019 20:21:15 +0000] [/wp-content/cache/minify/805f5.js] [http://cewstaging.jonwp.dvp/?customize_changeset_uuid=e8f13419-917b-4ce9-a297-222c8879e2b0&customize_theme=infinity-pro&customize_messenger_channel=preview-0] storing cached page - not a cached content
[Sat, 19 Jan 2019 20:21:15 +0000] [/wp-content/cache/minify/db880.js] [http://cewstaging.jonwp.dvp/?customize_changeset_uuid=e8f13419-917b-4ce9-a297-222c8879e2b0&customize_theme=infinity-pro&customize_messenger_channel=preview-0] start, can_cache: false
[Sat, 19 Jan 2019 20:21:15 +0000] [/wp-content/pluginsblog-manager-lightfrontendjsscript.js?ver=4.9.6] [http://cewstaging.jonwp.dvp/?customize_changeset_uuid=e8f13419-917b-4ce9-a297-222c8879e2b0&customize_theme=infinity-pro&customize_messenger_channel=preview-0] storing cached page: false original false reason Requested URI contains query
[Sat, 19 Jan 2019 20:21:17 +0000] [/wp-content/themes/fonts/TRAJANPRO-BOLD.OTF] [http://cewstaging.jonwp.dvp/wp-content/cache/minify/4a455.css] start, can_cache: false
[Sat, 19 Jan 2019 20:21:17 +0000] [/wp-content/cache/minify/db880.js] [http://cewstaging.jonwp.dvp/?customize_changeset_uuid=e8f13419-917b-4ce9-a297-222c8879e2b0&customize_theme=infinity-pro&customize_messenger_channel=preview-0] storing cached page - not a cached content
[Sat, 19 Jan 2019 20:21:19 +0000] [/wp-content/themes/fonts/TRAJANPRO-BOLD.OTF] [http://cewstaging.jonwp.dvp/wp-content/cache/minify/4a455.css] storing cached page: false original false reason User is logged in
[Sat, 19 Jan 2019 20:21:19 +0000] [/wp-json/contact-form-7/v1/contact-forms/133/refill?customize_changeset_uuid=e8f13419-917b-4ce9-a297-222c8879e2b0&customize_preview_nonce=cfe038dc07] [http://cewstaging.jonwp.dvp/?customize_changeset_uuid=e8f13419-917b-4ce9-a297-222c8879e2b0&customize_theme=infinity-pro&customize_messenger_channel=preview-0] start, can_cache: false
[Sat, 19 Jan 2019 20:21:21 +0000] [/wp-json/contact-form-7/v1/contact-forms/133/refill?customize_changeset_uuid=e8f13419-917b-4ce9-a297-222c8879e2b0&customize_preview_nonce=cfe038dc07] [http://cewstaging.jonwp.dvp/?customize_changeset_uuid=e8f13419-917b-4ce9-a297-222c8879e2b0&customize_theme=infinity-pro&customize_messenger_channel=preview-0] storing cached page: false original false reason Requested URI contains query
[Sat, 19 Jan 2019 20:21:21 +0000] [/wp-admin/admin-ajax.php] [http://cewstaging.jonwp.dvp/wp-admin/widgets.php] skip processing because of generic constant
[Sat, 19 Jan 2019 20:21:23 +0000] [/wp-admin/admin-ajax.php] [http://cewstaging.jonwp.dvp/wp-admin/widgets.php] skip processing because of generic constant
[Sat, 19 Jan 2019 20:21:24 +0000] [/wp-content/themes/fonts/TRAJANUS.ttf] [http://cewstaging.jonwp.dvp/wp-content/cache/minify/4a455.css] start, can_cache: false
[Sat, 19 Jan 2019 20:21:26 +0000] [/wp-content/themes/fonts/TRAJANUS.ttf] [http://cewstaging.jonwp.dvp/wp-content/cache/minify/4a455.css] storing cached page: false original false reason User is logged in
[Sat, 19 Jan 2019 20:21:26 +0000] [/wp-content/themes/genesis/css/loading-2.gif] [http://cewstaging.jonwp.dvp/wp-content/cache/minify/4a455.css] start, can_cache: false
[Sat, 19 Jan 2019 20:21:28 +0000] [/wp-content/themes/genesis/css/grab.png] [http://cewstaging.jonwp.dvp/wp-content/cache/minify/4a455.css] start, can_cache: false
[Sat, 19 Jan 2019 20:21:28 +0000] [/wp-content/themes/genesis/css/loading-2.gif] [http://cewstaging.jonwp.dvp/wp-content/cache/minify/4a455.css] storing cached page: false original false reason User is logged in
[Sat, 19 Jan 2019 20:21:29 +0000] [/wp-content/themes/genesis/css/grab.png] [http://cewstaging.jonwp.dvp/wp-content/cache/minify/4a455.css] storing cached page: false original false reason User is logged in
[Sat, 19 Jan 2019 20:21:36 +0000] [/wp-admin/admin-ajax.php] [http://cewstaging.jonwp.dvp/wp-admin/widgets.php] skip processing because of generic constant
[Sat, 19 Jan 2019 20:21:54 +0000] [/wp-admin/admin-ajax.php] [http://cewstaging.jonwp.dvp/wp-admin/customize.php?return=%2Fwp-admin%2Fwidgets.php] skip processing because of generic constant
[Sat, 19 Jan 2019 20:22:02 +0000] [/wp-admin/admin-ajax.php] [http://cewstaging.jonwp.dvp/wp-admin/customize.php?return=%2Fwp-admin%2Fwidgets.php] skip processing because of generic constant
[Sat, 19 Jan 2019 20:22:03 +0000] [/wp-admin/admin-ajax.php] [http://cewstaging.jonwp.dvp/wp-admin/customize.php?return=%2Fwp-admin%2Fwidgets.php] pgcache flush 3 urls
[Sat, 19 Jan 2019 20:22:14 +0000] [/wp-admin/admin-ajax.php] [http://cewstaging.jonwp.dvp/wp-admin/widgets.php] skip processing because of generic constant
[Sat, 19 Jan 2019 20:23:14 +0000] [/wp-admin/admin-ajax.php] [http://cewstaging.jonwp.dvp/wp-admin/widgets.php] skip processing because of generic constant
[Sat, 19 Jan 2019 20:23:21 +0000] [/wp-admin/admin-ajax.php] [http://cewstaging.jonwp.dvp/wp-admin/customize.php?return=%2Fwp-admin%2Fwidgets.php] skip processing because of generic constant
[Sat, 19 Jan 2019 20:25:14 +0000] [/wp-admin/admin-ajax.php] [http://cewstaging.jonwp.dvp/wp-admin/widgets.php] skip processing because of generic constant
[Sat, 19 Jan 2019 20:25:22 +0000] [/wp-admin/admin-ajax.php] [http://cewstaging.jonwp.dvp/wp-admin/customize.php?return=%2Fwp-admin%2Fwidgets.php] skip processing because of generic constant
[Sat, 19 Jan 2019 20:27:15 +0000] [/wp-admin/admin-ajax.php] [http://cewstaging.jonwp.dvp/wp-admin/widgets.php] skip processing because of generic constant
[Sat, 19 Jan 2019 20:27:22 +0000] [/wp-admin/admin-ajax.php] [http://cewstaging.jonwp.dvp/wp-admin/customize.php?return=%2Fwp-admin%2Fwidgets.php] skip processing because of generic constant
[Sat, 19 Jan 2019 20:29:15 +0000] [/wp-admin/admin-ajax.php] [http://cewstaging.jonwp.dvp/wp-admin/widgets.php] skip processing because of generic constant
[Sat, 19 Jan 2019 20:29:15 +0000] [/wp-cron.php?doing_wp_cron=1547929755.7892899513244628906250] [http://cewstaging.jonwp.dvp/wp-cron.php?doing_wp_cron=1547929755.7892899513244628906250] skip processing because of generic constant
[Sat, 19 Jan 2019 20:29:22 +0000] [/wp-admin/admin-ajax.php] [http://cewstaging.jonwp.dvp/wp-admin/customize.php?return=%2Fwp-admin%2Fwidgets.php] skip processing because of generic constant
[Sat, 19 Jan 2019 20:31:16 +0000] [/wp-admin/admin-ajax.php] [http://cewstaging.jonwp.dvp/wp-admin/widgets.php] skip processing because of generic constant
[Sat, 19 Jan 2019 20:31:23 +0000] [/wp-admin/admin-ajax.php] [http://cewstaging.jonwp.dvp/wp-admin/customize.php?return=%2Fwp-admin%2Fwidgets.php] skip processing because of generic constant
